<?xml version="1.0" encoding="UTF-8"?>
<!-- Generated by org.testng.reporters.JUnitReportReporter -->
<testsuite skipped="0" hostname="CHETAN-PC" name="com.mycompany.app.GetTest" tests="8" failures="1" timestamp="12 Sep 2018 16:20:12 GMT" time="19.851" errors="0">
  <testcase name="displayAllNodesInWeatherAPI" time="3.437" classname="com.mycompany.app.GetTest"/>
  <testcase name="iteratingOverHeaders" time="1.110" classname="com.mycompany.app.GetTest"/>
  <testcase name="verifyCityInJsonResponse" time="1.179" classname="com.mycompany.app.GetTest"/>
  <testcase name="checkStatusCodeInvalidCity" time="1.457" classname="com.mycompany.app.GetTest"/>
  <testcase name="checkContentEncodingValidCity" time="6.958" classname="com.mycompany.app.GetTest">
    <failure type="java.lang.AssertionError" message="expected [nginx/1.12.1] but found [nginx/1.14.0]">
      <![CDATA[java.lang.AssertionError: expected [nginx/1.12.1] but found [nginx/1.14.0]
	at org.testng.Assert.fail(Assert.java:93)
	at org.testng.Assert.failNotEquals(Assert.java:512)
	at org.testng.Assert.assertEqualsImpl(Assert.java:134)
	at org.testng.Assert.assertEquals(Assert.java:115)
	at org.testng.Assert.assertEquals(Assert.java:189)
	at org.testng.Assert.assertEquals(Assert.java:199)
	at com.mycompany.app.GetTest.checkContentEncodingValidCity(GetTest.java:147)
	at sun.reflect.NativeMethodAccessorImpl.invoke0(Native Method)
	at sun.reflect.NativeMethodAccessorImpl.invoke(NativeMethodAccessorImpl.java:62)
	at sun.reflect.DelegatingMethodAccessorImpl.invoke(DelegatingMethodAccessorImpl.java:43)
	at java.lang.reflect.Method.invoke(Method.java:498)
	at org.testng.internal.MethodInvocationHelper.invokeMethod(MethodInvocationHelper.java:108)
	at org.testng.internal.Invoker.invokeMethod(Invoker.java:661)
	at org.testng.internal.Invoker.invokeTestMethod(Invoker.java:869)
	at org.testng.internal.Invoker.invokeTestMethods(Invoker.java:1193)
	at org.testng.internal.TestMethodWorker.invokeTestMethods(TestMethodWorker.java:126)
	at org.testng.internal.TestMethodWorker.run(TestMethodWorker.java:109)
	at org.testng.TestRunner.privateRun(TestRunner.java:744)
	at org.testng.TestRunner.run(TestRunner.java:602)
	at org.testng.SuiteRunner.runTest(SuiteRunner.java:380)
	at org.testng.SuiteRunner.runSequentially(SuiteRunner.java:375)
	at org.testng.SuiteRunner.privateRun(SuiteRunner.java:340)
	at org.testng.SuiteRunner.run(SuiteRunner.java:289)
	at org.testng.SuiteRunnerWorker.runSuite(SuiteRunnerWorker.java:52)
	at org.testng.SuiteRunnerWorker.run(SuiteRunnerWorker.java:86)
	at org.testng.TestNG.runSuitesSequentially(TestNG.java:1301)
	at org.testng.TestNG.runSuitesLocally(TestNG.java:1226)
	at org.testng.TestNG.runSuites(TestNG.java:1144)
	at org.testng.TestNG.run(TestNG.java:1115)
	at org.apache.maven.surefire.testng.TestNGExecutor.run(TestNGExecutor.java:283)
	at org.apache.maven.surefire.testng.TestNGXmlTestSuite.execute(TestNGXmlTestSuite.java:75)
	at org.apache.maven.surefire.testng.TestNGProvider.invoke(TestNGProvider.java:120)
	at org.apache.maven.surefire.booter.ForkedBooter.invokeProviderInSameClassLoader(ForkedBooter.java:373)
	at org.apache.maven.surefire.booter.ForkedBooter.runSuitesInProcess(ForkedBooter.java:334)
	at org.apache.maven.surefire.booter.ForkedBooter.execute(ForkedBooter.java:119)
	at org.apache.maven.surefire.booter.ForkedBooter.main(ForkedBooter.java:407)
]]>
    </failure>
  </testcase> <!-- checkContentEncodingValidCity -->
  <testcase name="getResponseBodyValidCity" time="1.103" classname="com.mycompany.app.GetTest"/>
  <testcase name="checkStatusCodeValidCity" time="1.269" classname="com.mycompany.app.GetTest"/>
  <testcase name="getWeatherHeaders" time="3.338" classname="com.mycompany.app.GetTest"/>
</testsuite> <!-- com.mycompany.app.GetTest -->
